Activating conda environment 'vcc'...
Starting Zero-Shot Perturbation Experiment...
Date: Thu 27 Nov 2025 12:38:15 AM CST
Config: src/configs/config.yaml
2025-11-27 00:38:23,283 - ZeroShotPerturbation - INFO - Starting Zero-Shot Perturbation Pipeline with scgpt model
2025-11-27 00:38:23,283 - ZeroShotPerturbation - INFO - Results will be saved to: results/scgpt
2025-11-27 00:38:23,283 - ZeroShotPerturbation - INFO - Initializing scGPT Model Wrapper...
2025-11-27 00:38:24,280 - ZeroShotPerturbation - INFO - Model vocab size: 60697, Saved checkpoint vocab size: 60697
2025-11-27 00:38:24,330 - ZeroShotPerturbation - INFO - Loaded model from model/scGPT/best_model.pt
2025-11-27 00:38:24,392 - ZeroShotPerturbation - INFO - Initializing Data Loader...
2025-11-27 00:38:24,392 - ZeroShotPerturbation - INFO - Loading training data from data/processed/train.h5ad
2025-11-27 00:38:36,526 - ZeroShotPerturbation - INFO - Loading test data from data/processed/test.h5ad
2025-11-27 00:38:38,557 - ZeroShotPerturbation - INFO - Found 38176 control cells.
2025-11-27 00:38:48,657 - ZeroShotPerturbation - INFO - Processing 15 target genes...
2025-11-27 00:38:48,657 - ZeroShotPerturbation - INFO - Predicting for target: TCF3
2025-11-27 00:38:52,132 - ZeroShotPerturbation - INFO - Target TCF3 - Pearson: 0.9646, DES: 0.0000, n_DE: 54
2025-11-27 00:38:52,305 - ZeroShotPerturbation - INFO - Predicting for target: TADA1
2025-11-27 00:39:00,964 - ZeroShotPerturbation - INFO - Target TADA1 - Pearson: 0.9579, DES: 0.0372, n_DE: 188
2025-11-27 00:39:01,135 - ZeroShotPerturbation - INFO - Predicting for target: FOXH1
2025-11-27 00:39:05,591 - ZeroShotPerturbation - INFO - Target FOXH1 - Pearson: 0.9650, DES: 0.0000, n_DE: 71
2025-11-27 00:39:05,769 - ZeroShotPerturbation - INFO - Predicting for target: SMARCA4
2025-11-27 00:39:07,770 - ZeroShotPerturbation - INFO - Target SMARCA4 - Pearson: 0.9296, DES: 0.1836, n_DE: 2631
2025-11-27 00:39:07,947 - ZeroShotPerturbation - INFO - Predicting for target: SMARCA5
2025-11-27 00:39:11,919 - ZeroShotPerturbation - INFO - Target SMARCA5 - Pearson: 0.9484, DES: 0.0476, n_DE: 609
2025-11-27 00:39:12,095 - ZeroShotPerturbation - INFO - Predicting for target: HIRA
2025-11-27 00:39:19,501 - ZeroShotPerturbation - INFO - Target HIRA - Pearson: 0.9626, DES: 0.0000, n_DE: 61
2025-11-27 00:39:19,674 - ZeroShotPerturbation - INFO - Predicting for target: RAB3B
2025-11-27 00:39:21,011 - ZeroShotPerturbation - INFO - Target RAB3B - Pearson: 0.9636, DES: 0.0000, n_DE: 52
2025-11-27 00:39:21,179 - ZeroShotPerturbation - INFO - Predicting for target: IGF2R
2025-11-27 00:39:27,971 - ZeroShotPerturbation - INFO - Target IGF2R - Pearson: 0.9571, DES: 0.0128, n_DE: 78
2025-11-27 00:39:28,145 - ZeroShotPerturbation - INFO - Predicting for target: SNCA
2025-11-27 00:39:29,105 - ZeroShotPerturbation - INFO - Target SNCA - Pearson: 0.9591, DES: 0.0000, n_DE: 14
2025-11-27 00:39:29,280 - ZeroShotPerturbation - INFO - Predicting for target: TMBIM6
2025-11-27 00:39:30,403 - ZeroShotPerturbation - INFO - Target TMBIM6 - Pearson: 0.9671, DES: 0.0000, n_DE: 66
2025-11-27 00:39:30,578 - ZeroShotPerturbation - INFO - Predicting for target: DAXX
2025-11-27 00:39:33,101 - ZeroShotPerturbation - INFO - Target DAXX - Pearson: 0.9631, DES: 0.0000, n_DE: 50
2025-11-27 00:39:33,276 - ZeroShotPerturbation - INFO - Predicting for target: METTL14
2025-11-27 00:39:34,336 - ZeroShotPerturbation - INFO - Target METTL14 - Pearson: 0.9407, DES: 0.2390, n_DE: 3335
2025-11-27 00:39:34,512 - ZeroShotPerturbation - INFO - Predicting for target: METTL17
2025-11-27 00:39:36,060 - ZeroShotPerturbation - INFO - Target METTL17 - Pearson: 0.9632, DES: 0.0196, n_DE: 102
2025-11-27 00:39:36,236 - ZeroShotPerturbation - INFO - Predicting for target: PRR12
2025-11-27 00:39:38,678 - ZeroShotPerturbation - INFO - Target PRR12 - Pearson: 0.9612, DES: 0.0200, n_DE: 50
2025-11-27 00:39:38,844 - ZeroShotPerturbation - INFO - Predicting for target: EPB41L2
2025-11-27 00:39:39,520 - ZeroShotPerturbation - INFO - Target EPB41L2 - Pearson: 0.9382, DES: 0.0342, n_DE: 409
2025-11-27 00:39:39,719 - ZeroShotPerturbation - INFO - Results saved to results/scgpt/perturbation_metrics.csv
2025-11-27 00:39:39,719 - ZeroShotPerturbation - INFO - ==================================================
2025-11-27 00:39:39,719 - ZeroShotPerturbation - INFO - Overall Metrics:
2025-11-27 00:39:39,720 - ZeroShotPerturbation - INFO -   Mean Pearson (log2FC): 0.9561
2025-11-27 00:39:39,720 - ZeroShotPerturbation - INFO -   Mean MSE (log2FC):     13.6556
2025-11-27 00:39:39,720 - ZeroShotPerturbation - INFO -   Mean DES:              0.0396
2025-11-27 00:39:39,720 - ZeroShotPerturbation - INFO -   Mean PDS:              0.5333
2025-11-27 00:39:39,720 - ZeroShotPerturbation - INFO - ==================================================
Experiment complete. Results saved to paths defined in config.
